{"/Users/nicolasdegarrigues/SitesInternet/A4/5-tdd/bank/bank.ts": {"path":"/Users/nicolasdegarrigues/SitesInternet/A4/5-tdd/bank/bank.ts","statementMap":{"0":{"start":{"line":1,"column":19},"end":{"line":5,"column":null}},"1":{"start":{"line":8,"column":21},"end":{"line":8,"column":36}},"2":{"start":{"line":11,"column":2},"end":{"line":21,"column":null}},"3":{"start":{"line":12,"column":3},"end":{"line":12,"column":null}},"4":{"start":{"line":14,"column":20},"end":{"line":15,"column":null}},"5":{"start":{"line":15,"column":18},"end":{"line":15,"column":49}},"6":{"start":{"line":17,"column":3},"end":{"line":19,"column":null}},"7":{"start":{"line":18,"column":4},"end":{"line":18,"column":null}},"8":{"start":{"line":20,"column":3},"end":{"line":20,"column":null}},"9":{"start":{"line":25,"column":2},"end":{"line":29,"column":null}},"10":{"start":{"line":26,"column":3},"end":{"line":26,"column":null}},"11":{"start":{"line":28,"column":3},"end":{"line":28,"column":null}},"12":{"start":{"line":33,"column":2},"end":{"line":35,"column":null}},"13":{"start":{"line":34,"column":3},"end":{"line":34,"column":null}},"14":{"start":{"line":36,"column":2},"end":{"line":36,"column":null}},"15":{"start":{"line":40,"column":2},"end":{"line":40,"column":null}},"16":{"start":{"line":44,"column":2},"end":{"line":44,"column":null}},"17":{"start":{"line":45,"column":2},"end":{"line":45,"column":null}},"18":{"start":{"line":7,"column":0},"end":{"line":7,"column":13}}},"fnMap":{"0":{"name":"(anonymous_0)","decl":{"start":{"line":8,"column":1},"end":{"line":8,"column":21}},"loc":{"start":{"line":8,"column":36},"end":{"line":8,"column":40}}},"1":{"name":"(anonymous_1)","decl":{"start":{"line":10,"column":1},"end":{"line":10,"column":18}},"loc":{"start":{"line":10,"column":54},"end":{"line":22,"column":2}}},"2":{"name":"(anonymous_2)","decl":{"start":{"line":15,"column":4},"end":{"line":15,"column":5}},"loc":{"start":{"line":15,"column":18},"end":{"line":15,"column":49}}},"3":{"name":"(anonymous_3)","decl":{"start":{"line":24,"column":1},"end":{"line":24,"column":8}},"loc":{"start":{"line":24,"column":23},"end":{"line":30,"column":2}}},"4":{"name":"(anonymous_4)","decl":{"start":{"line":32,"column":1},"end":{"line":32,"column":9}},"loc":{"start":{"line":32,"column":24},"end":{"line":37,"column":2}}},"5":{"name":"(anonymous_5)","decl":{"start":{"line":39,"column":1},"end":{"line":39,"column":11}},"loc":{"start":{"line":39,"column":11},"end":{"line":41,"column":2}}},"6":{"name":"(anonymous_6)","decl":{"start":{"line":43,"column":1},"end":{"line":43,"column":9}},"loc":{"start":{"line":43,"column":34},"end":{"line":46,"column":2}}}},"branchMap":{"0":{"loc":{"start":{"line":11,"column":2},"end":{"line":21,"column":null}},"type":"if","locations":[{"start":{"line":11,"column":2},"end":{"line":21,"column":null}},{"start":{"line":13,"column":9},"end":{"line":21,"column":null}}]},"1":{"loc":{"start":{"line":17,"column":3},"end":{"line":19,"column":null}},"type":"if","locations":[{"start":{"line":17,"column":3},"end":{"line":19,"column":null}}]},"2":{"loc":{"start":{"line":25,"column":2},"end":{"line":29,"column":null}},"type":"if","locations":[{"start":{"line":25,"column":2},"end":{"line":29,"column":null}},{"start":{"line":27,"column":9},"end":{"line":29,"column":null}}]},"3":{"loc":{"start":{"line":33,"column":2},"end":{"line":35,"column":null}},"type":"if","locations":[{"start":{"line":33,"column":2},"end":{"line":35,"column":null}}]}},"s":{"0":1,"1":27,"2":5,"3":1,"4":4,"5":11,"6":4,"7":2,"8":2,"9":7,"10":4,"11":3,"12":10,"13":6,"14":4,"15":6,"16":5,"17":2,"18":1},"f":{"0":27,"1":5,"2":11,"3":7,"4":10,"5":6,"6":5},"b":{"0":[1,4],"1":[2],"2":[4,3],"3":[6]}}
}
