TN:
SF:bank.ts
FN:8,(anonymous_0)
FN:10,(anonymous_1)
FN:15,(anonymous_2)
FN:24,(anonymous_3)
FN:32,(anonymous_4)
FN:39,(anonymous_5)
FN:43,(anonymous_6)
FNF:7
FNH:7
FNDA:27,(anonymous_0)
FNDA:5,(anonymous_1)
FNDA:11,(anonymous_2)
FNDA:7,(anonymous_3)
FNDA:10,(anonymous_4)
FNDA:6,(anonymous_5)
FNDA:5,(anonymous_6)
DA:1,1
DA:7,1
DA:8,27
DA:11,5
DA:12,1
DA:14,4
DA:15,11
DA:17,4
DA:18,2
DA:20,2
DA:25,7
DA:26,4
DA:28,3
DA:33,10
DA:34,6
DA:36,4
DA:40,6
DA:44,5
DA:45,2
LF:19
LH:19
BRDA:11,0,0,1
BRDA:11,0,1,4
BRDA:17,1,0,2
BRDA:25,2,0,4
BRDA:25,2,1,3
BRDA:33,3,0,6
BRF:6
BRH:6
end_of_record
